  atomic.c
C:\Program Files (x86)\Windows Kits\10\Include\10.0.19041.0\um\winbase.h(9531,5): warning C5105: macro expansion producing 'defined' has undefined behavior
  debug.c
C:\Program Files (x86)\Windows Kits\10\Include\10.0.19041.0\um\winbase.h(9531,5): warning C5105: macro expansion producing 'defined' has undefined behavior
  ecs.c
C:\Program Files (x86)\Windows Kits\10\Include\10.0.19041.0\um\winbase.h(9531,5): warning C5105: macro expansion producing 'defined' has undefined behavior
  event.c
C:\Program Files (x86)\Windows Kits\10\Include\10.0.19041.0\um\winbase.h(9531,5): warning C5105: macro expansion producing 'defined' has undefined behavior
  frogger_game.c
C:\Program Files (x86)\Windows Kits\10\Include\10.0.19041.0\um\winbase.h(9531,5): warning C5105: macro expansion producing 'defined' has undefined behavior
C:\Users\getog\Desktop\GA2022\RealEngineGA2022\GAClass\frogger_game.c(186,29): warning C4020: 'load_enemy_resources': too many actual parameters
C:\Users\getog\Desktop\GA2022\RealEngineGA2022\GAClass\frogger_game.c(599,53): warning C4244: '=': conversion from 'int' to 'float', possible loss of data
  fs.c
C:\Program Files (x86)\Windows Kits\10\Include\10.0.19041.0\um\winbase.h(9531,5): warning C5105: macro expansion producing 'defined' has undefined behavior
C:\Users\getog\Desktop\GA2022\RealEngineGA2022\GAClass\fs.c(241,28): warning C4267: 'initializing': conversion from 'size_t' to 'int', possible loss of data
C:\Users\getog\Desktop\GA2022\RealEngineGA2022\GAClass\fs.c(265,46): warning C4267: 'function': conversion from 'size_t' to 'int', possible loss of data
C:\Users\getog\Desktop\GA2022\RealEngineGA2022\GAClass\fs.c(268,21): warning C4022: 'memcpy': pointer mismatch for actual parameter 2
  gpu.c
C:\Program Files (x86)\Windows Kits\10\Include\10.0.19041.0\um\winbase.h(9531,5): warning C5105: macro expansion producing 'defined' has undefined behavior
C:\Users\getog\Desktop\GA2022\RealEngineGA2022\GAClass\gpu.c(800,98): warning C4047: 'function': 'VkBuffer *' differs in levels of indirection from 'VkBuffer **'
C:\Users\getog\Desktop\GA2022\RealEngineGA2022\GAClass\gpu.c(800,76): warning C4024: 'vkCreateBuffer': different types for formal and actual parameter 4
C:\Users\getog\Desktop\GA2022\RealEngineGA2022\GAClass\gpu.c(806,74): warning C4047: 'function': 'VkBuffer' differs in levels of indirection from 'VkBuffer *'
C:\Users\getog\Desktop\GA2022\RealEngineGA2022\GAClass\gpu.c(806,66): warning C4024: 'vkGetBufferMemoryRequirements': different types for formal and actual parameter 2
C:\Users\getog\Desktop\GA2022\RealEngineGA2022\GAClass\gpu.c(815,102): warning C4047: 'function': 'VkDeviceMemory *' differs in levels of indirection from 'VkDeviceMemory **'
C:\Users\getog\Desktop\GA2022\RealEngineGA2022\GAClass\gpu.c(815,73): warning C4024: 'vkAllocateMemory': different types for formal and actual parameter 4
C:\Users\getog\Desktop\GA2022\RealEngineGA2022\GAClass\gpu.c(820,63): warning C4047: 'function': 'VkBuffer' differs in levels of indirection from 'VkBuffer *'
C:\Users\getog\Desktop\GA2022\RealEngineGA2022\GAClass\gpu.c(820,55): warning C4024: 'vkBindBufferMemory': different types for formal and actual parameter 2
C:\Users\getog\Desktop\GA2022\RealEngineGA2022\GAClass\gpu.c(820,93): warning C4047: 'function': 'VkDeviceMemory' differs in levels of indirection from 'VkDeviceMemory *'
C:\Users\getog\Desktop\GA2022\RealEngineGA2022\GAClass\gpu.c(820,78): warning C4024: 'vkBindBufferMemory': different types for formal and actual parameter 3
C:\Users\getog\Desktop\GA2022\RealEngineGA2022\GAClass\gpu.c(1061,30): warning C4133: 'function': incompatible types - from 'gpu_texture_mesh_t *' to 'gpu_mesh_t *'
C:\Users\getog\Desktop\GA2022\RealEngineGA2022\GAClass\gpu.c(1078,30): warning C4133: 'function': incompatible types - from 'gpu_texture_mesh_t *' to 'gpu_mesh_t *'
C:\Users\getog\Desktop\GA2022\RealEngineGA2022\GAClass\gpu.c(1087,30): warning C4133: 'function': incompatible types - from 'gpu_texture_mesh_t *' to 'gpu_mesh_t *'
C:\Users\getog\Desktop\GA2022\RealEngineGA2022\GAClass\gpu.c(1097,30): warning C4133: 'function': incompatible types - from 'gpu_texture_mesh_t *' to 'gpu_mesh_t *'
C:\Users\getog\Desktop\GA2022\RealEngineGA2022\GAClass\gpu.c(1114,30): warning C4133: 'function': incompatible types - from 'gpu_texture_mesh_t *' to 'gpu_mesh_t *'
C:\Users\getog\Desktop\GA2022\RealEngineGA2022\GAClass\gpu.c(1131,30): warning C4133: 'function': incompatible types - from 'gpu_texture_mesh_t *' to 'gpu_mesh_t *'
C:\Users\getog\Desktop\GA2022\RealEngineGA2022\GAClass\gpu.c(1140,30): warning C4133: 'function': incompatible types - from 'gpu_texture_mesh_t *' to 'gpu_mesh_t *'
C:\Users\getog\Desktop\GA2022\RealEngineGA2022\GAClass\gpu.c(1150,30): warning C4133: 'function': incompatible types - from 'gpu_texture_mesh_t *' to 'gpu_mesh_t *'
C:\Users\getog\Desktop\GA2022\RealEngineGA2022\GAClass\gpu.c(1190,30): warning C4133: 'function': incompatible types - from 'gpu_texture_mesh_t *' to 'gpu_mesh_t *'
C:\Users\getog\Desktop\GA2022\RealEngineGA2022\GAClass\gpu.c(1208,30): warning C4133: 'function': incompatible types - from 'gpu_texture_mesh_t *' to 'gpu_mesh_t *'
C:\Users\getog\Desktop\GA2022\RealEngineGA2022\GAClass\gpu.c(1216,30): warning C4133: 'function': incompatible types - from 'gpu_texture_mesh_t *' to 'gpu_mesh_t *'
C:\Users\getog\Desktop\GA2022\RealEngineGA2022\GAClass\gpu.c(1225,30): warning C4133: 'function': incompatible types - from 'gpu_texture_mesh_t *' to 'gpu_mesh_t *'
C:\Users\getog\Desktop\GA2022\RealEngineGA2022\GAClass\gpu.c(2255,2): warning C4013: 'ImGui_ImplWin32_Init' undefined; assuming extern returning int
C:\Users\getog\Desktop\GA2022\RealEngineGA2022\GAClass\gpu.c(2291,2): warning C4013: 'ImGui_ImplWin32_NewFrame' undefined; assuming extern returning int
C:\Users\getog\Desktop\GA2022\RealEngineGA2022\GAClass\gpu.c(2296,23): warning C4047: 'function': 'bool *' differs in levels of indirection from 'int'
C:\Users\getog\Desktop\GA2022\RealEngineGA2022\GAClass\gpu.c(2296,19): warning C4024: 'igShowDemoWindow': different types for formal and actual parameter 1
  heap.c
C:\Program Files (x86)\Windows Kits\10\Include\10.0.19041.0\um\winbase.h(9531,5): warning C5105: macro expansion producing 'defined' has undefined behavior
C:\Users\getog\Desktop\GA2022\RealEngineGA2022\GAClass\heap.c(171,40): warning C4047: 'function': 'PVOID *' differs in levels of indirection from 'char *'
C:\Users\getog\Desktop\GA2022\RealEngineGA2022\GAClass\heap.c(171,31): warning C4022: 'RtlCaptureStackBackTrace': pointer mismatch for actual parameter 3
  hw1.c
  hw2.c
C:\Users\getog\Desktop\GA2022\RealEngineGA2022\GAClass\hw2.c(9,31): warning C4013: 'strlen' undefined; assuming extern returning int
C:\Users\getog\Desktop\GA2022\RealEngineGA2022\GAClass\hw2.c(21,2): warning C4013: 'strcmp' undefined; assuming extern returning int
  hw3.c
C:\Users\getog\Desktop\GA2022\RealEngineGA2022\GAClass\hw3.c(113,50): warning C4133: 'function': incompatible types - from 'void (__cdecl *)(trace_t *)' to 'int (__cdecl *)(void *)'
  lz4.c
  lz4file.c
  lz4frame.c
  lz4hc.c
  xxhash.c
  tlsf.c
  main.c
C:\Program Files (x86)\Windows Kits\10\Include\10.0.19041.0\um\winbase.h(9531,5): warning C5105: macro expansion producing 'defined' has undefined behavior
C:\Users\getog\Desktop\GA2022\RealEngineGA2022\GAClass\main.c(11,32): warning C4028: formal parameter 2 different from declaration
  mat4f.c
  mutex.c
C:\Program Files (x86)\Windows Kits\10\Include\10.0.19041.0\um\winbase.h(9531,5): warning C5105: macro expansion producing 'defined' has undefined behavior
  Generating Code...
  Compiling...
  quatf.c
  queue.c
  random.c
C:\Users\getog\Desktop\GA2022\RealEngineGA2022\GAClass\random.c(5,10): warning C4013: 'rand' undefined; assuming extern returning int
  render.c
C:\Program Files (x86)\Windows Kits\10\Include\10.0.19041.0\um\winbase.h(9531,5): warning C5105: macro expansion producing 'defined' has undefined behavior
C:\Users\getog\Desktop\GA2022\RealEngineGA2022\GAClass\render.c(521,64): warning C4133: 'function': incompatible types - from 'gpu_texture_mesh_t *' to 'gpu_mesh_t *'
  scene.c
C:\Program Files (x86)\Windows Kits\10\Include\10.0.19041.0\um\winbase.h(9531,5): warning C5105: macro expansion producing 'defined' has undefined behavior
C:\Users\getog\Desktop\GA2022\RealEngineGA2022\GAClass\include\cimgui\imgui\imgui.h(29,1): warning C4005: 'IMGUI_HAS_DOCK': macro redefinition
C:\Users\getog\Desktop\GA2022\RealEngineGA2022\GAClass\include\cimgui\cimgui.h(3008): message : see previous definition of 'IMGUI_HAS_DOCK'
C:\Users\getog\Desktop\GA2022\RealEngineGA2022\GAClass\include\cimgui\imgui\imgui.h(174,15): error C2059: syntax error: ':'
C:\Users\getog\Desktop\GA2022\RealEngineGA2022\GAClass\include\cimgui\imgui\imgui.h(260,1): error C2011: 'ImVec2': 'struct' type redefinition
C:\Users\getog\Desktop\GA2022\RealEngineGA2022\GAClass\include\cimgui\cimgui.h(201): message : see declaration of 'ImVec2'
C:\Users\getog\Desktop\GA2022\RealEngineGA2022\GAClass\include\cimgui\imgui\imgui.h(273,1): error C2011: 'ImVec4': 'struct' type redefinition
C:\Users\getog\Desktop\GA2022\RealEngineGA2022\GAClass\include\cimgui\cimgui.h(206): message : see declaration of 'ImVec4'
C:\Users\getog\Desktop\GA2022\RealEngineGA2022\GAClass\include\cimgui\imgui\imgui.h(288,11): error C2061: syntax error: identifier 'ImGui'
C:\Users\getog\Desktop\GA2022\RealEngineGA2022\GAClass\include\cimgui\imgui\imgui.h(288,11): error C2059: syntax error: ';'
C:\Users\getog\Desktop\GA2022\RealEngineGA2022\GAClass\include\cimgui\imgui\imgui.h(289,1): error C2449: found '{' at file scope (missing function header?)
C:\Users\getog\Desktop\GA2022\RealEngineGA2022\GAClass\include\cimgui\imgui\imgui.h(987,1): error C2059: syntax error: '}'
C:\Users\getog\Desktop\GA2022\RealEngineGA2022\GAClass\include\cimgui\imgui\imgui.h(1038,5): error C2365: 'ImGuiInputTextFlags_None': redefinition; previous definition was 'enumerator'
C:\Users\getog\Desktop\GA2022\RealEngineGA2022\GAClass\include\cimgui\cimgui.h(245): message : see declaration of 'ImGuiInputTextFlags_None'
C:\Users\getog\Desktop\GA2022\RealEngineGA2022\GAClass\include\cimgui\imgui\imgui.h(1038,5): error C2086: 'ImGuiInputTextFlags_ ImGuiInputTextFlags_None': redefinition
C:\Users\getog\Desktop\GA2022\RealEngineGA2022\GAClass\include\cimgui\imgui\imgui.h(1038): message : see declaration of 'ImGuiInputTextFlags_None'
C:\Users\getog\Desktop\GA2022\RealEngineGA2022\GAClass\include\cimgui\imgui\imgui.h(1039,5): error C2365: 'ImGuiInputTextFlags_CharsDecimal': redefinition; previous definition was 'enumerator'
C:\Users\getog\Desktop\GA2022\RealEngineGA2022\GAClass\include\cimgui\cimgui.h(246): message : see declaration of 'ImGuiInputTextFlags_CharsDecimal'
C:\Users\getog\Desktop\GA2022\RealEngineGA2022\GAClass\include\cimgui\imgui\imgui.h(1039,5): error C2086: 'ImGuiInputTextFlags_ ImGuiInputTextFlags_CharsDecimal': redefinition
C:\Users\getog\Desktop\GA2022\RealEngineGA2022\GAClass\include\cimgui\imgui\imgui.h(1039): message : see declaration of 'ImGuiInputTextFlags_CharsDecimal'
C:\Users\getog\Desktop\GA2022\RealEngineGA2022\GAClass\include\cimgui\imgui\imgui.h(1040,5): error C2365: 'ImGuiInputTextFlags_CharsHexadecimal': redefinition; previous definition was 'enumerator'
C:\Users\getog\Desktop\GA2022\RealEngineGA2022\GAClass\include\cimgui\cimgui.h(247): message : see declaration of 'ImGuiInputTextFlags_CharsHexadecimal'
C:\Users\getog\Desktop\GA2022\RealEngineGA2022\GAClass\include\cimgui\imgui\imgui.h(1040,5): error C2086: 'ImGuiInputTextFlags_ ImGuiInputTextFlags_CharsHexadecimal': redefinition
C:\Users\getog\Desktop\GA2022\RealEngineGA2022\GAClass\include\cimgui\imgui\imgui.h(1040): message : see declaration of 'ImGuiInputTextFlags_CharsHexadecimal'
C:\Users\getog\Desktop\GA2022\RealEngineGA2022\GAClass\include\cimgui\imgui\imgui.h(1041,5): error C2365: 'ImGuiInputTextFlags_CharsUppercase': redefinition; previous definition was 'enumerator'
C:\Users\getog\Desktop\GA2022\RealEngineGA2022\GAClass\include\cimgui\cimgui.h(248): message : see declaration of 'ImGuiInputTextFlags_CharsUppercase'
C:\Users\getog\Desktop\GA2022\RealEngineGA2022\GAClass\include\cimgui\imgui\imgui.h(1041,5): error C2086: 'ImGuiInputTextFlags_ ImGuiInputTextFlags_CharsUppercase': redefinition
C:\Users\getog\Desktop\GA2022\RealEngineGA2022\GAClass\include\cimgui\imgui\imgui.h(1041): message : see declaration of 'ImGuiInputTextFlags_CharsUppercase'
C:\Users\getog\Desktop\GA2022\RealEngineGA2022\GAClass\include\cimgui\imgui\imgui.h(1042,5): error C2365: 'ImGuiInputTextFlags_CharsNoBlank': redefinition; previous definition was 'enumerator'
C:\Users\getog\Desktop\GA2022\RealEngineGA2022\GAClass\include\cimgui\cimgui.h(249): message : see declaration of 'ImGuiInputTextFlags_CharsNoBlank'
C:\Users\getog\Desktop\GA2022\RealEngineGA2022\GAClass\include\cimgui\imgui\imgui.h(1042,5): error C2086: 'ImGuiInputTextFlags_ ImGuiInputTextFlags_CharsNoBlank': redefinition
C:\Users\getog\Desktop\GA2022\RealEngineGA2022\GAClass\include\cimgui\imgui\imgui.h(1042): message : see declaration of 'ImGuiInputTextFlags_CharsNoBlank'
C:\Users\getog\Desktop\GA2022\RealEngineGA2022\GAClass\include\cimgui\imgui\imgui.h(1043,5): error C2365: 'ImGuiInputTextFlags_AutoSelectAll': redefinition; previous definition was 'enumerator'
C:\Users\getog\Desktop\GA2022\RealEngineGA2022\GAClass\include\cimgui\cimgui.h(250): message : see declaration of 'ImGuiInputTextFlags_AutoSelectAll'
C:\Users\getog\Desktop\GA2022\RealEngineGA2022\GAClass\include\cimgui\imgui\imgui.h(1043,5): error C2086: 'ImGuiInputTextFlags_ ImGuiInputTextFlags_AutoSelectAll': redefinition
C:\Users\getog\Desktop\GA2022\RealEngineGA2022\GAClass\include\cimgui\imgui\imgui.h(1043): message : see declaration of 'ImGuiInputTextFlags_AutoSelectAll'
C:\Users\getog\Desktop\GA2022\RealEngineGA2022\GAClass\include\cimgui\imgui\imgui.h(1044,5): error C2365: 'ImGuiInputTextFlags_EnterReturnsTrue': redefinition; previous definition was 'enumerator'
C:\Users\getog\Desktop\GA2022\RealEngineGA2022\GAClass\include\cimgui\cimgui.h(251): message : see declaration of 'ImGuiInputTextFlags_EnterReturnsTrue'
C:\Users\getog\Desktop\GA2022\RealEngineGA2022\GAClass\include\cimgui\imgui\imgui.h(1044,5): error C2086: 'ImGuiInputTextFlags_ ImGuiInputTextFlags_EnterReturnsTrue': redefinition
C:\Users\getog\Desktop\GA2022\RealEngineGA2022\GAClass\include\cimgui\imgui\imgui.h(1044): message : see declaration of 'ImGuiInputTextFlags_EnterReturnsTrue'
C:\Users\getog\Desktop\GA2022\RealEngineGA2022\GAClass\include\cimgui\imgui\imgui.h(1045,5): error C2365: 'ImGuiInputTextFlags_CallbackCompletion': redefinition; previous definition was 'enumerator'
C:\Users\getog\Desktop\GA2022\RealEngineGA2022\GAClass\include\cimgui\cimgui.h(252): message : see declaration of 'ImGuiInputTextFlags_CallbackCompletion'
C:\Users\getog\Desktop\GA2022\RealEngineGA2022\GAClass\include\cimgui\imgui\imgui.h(1045,5): error C2086: 'ImGuiInputTextFlags_ ImGuiInputTextFlags_CallbackCompletion': redefinition
C:\Users\getog\Desktop\GA2022\RealEngineGA2022\GAClass\include\cimgui\imgui\imgui.h(1045): message : see declaration of 'ImGuiInputTextFlags_CallbackCompletion'
C:\Users\getog\Desktop\GA2022\RealEngineGA2022\GAClass\include\cimgui\imgui\imgui.h(1046,5): error C2365: 'ImGuiInputTextFlags_CallbackHistory': redefinition; previous definition was 'enumerator'
C:\Users\getog\Desktop\GA2022\RealEngineGA2022\GAClass\include\cimgui\cimgui.h(253): message : see declaration of 'ImGuiInputTextFlags_CallbackHistory'
C:\Users\getog\Desktop\GA2022\RealEngineGA2022\GAClass\include\cimgui\imgui\imgui.h(1046,5): error C2086: 'ImGuiInputTextFlags_ ImGuiInputTextFlags_CallbackHistory': redefinition
C:\Users\getog\Desktop\GA2022\RealEngineGA2022\GAClass\include\cimgui\imgui\imgui.h(1046): message : see declaration of 'ImGuiInputTextFlags_CallbackHistory'
C:\Users\getog\Desktop\GA2022\RealEngineGA2022\GAClass\include\cimgui\imgui\imgui.h(1047,5): error C2365: 'ImGuiInputTextFlags_CallbackAlways': redefinition; previous definition was 'enumerator'
C:\Users\getog\Desktop\GA2022\RealEngineGA2022\GAClass\include\cimgui\cimgui.h(254): message : see declaration of 'ImGuiInputTextFlags_CallbackAlways'
C:\Users\getog\Desktop\GA2022\RealEngineGA2022\GAClass\include\cimgui\imgui\imgui.h(1047,5): error C2086: 'ImGuiInputTextFlags_ ImGuiInputTextFlags_CallbackAlways': redefinition
C:\Users\getog\Desktop\GA2022\RealEngineGA2022\GAClass\include\cimgui\imgui\imgui.h(1047): message : see declaration of 'ImGuiInputTextFlags_CallbackAlways'
C:\Users\getog\Desktop\GA2022\RealEngineGA2022\GAClass\include\cimgui\imgui\imgui.h(1048,5): error C2365: 'ImGuiInputTextFlags_CallbackCharFilter': redefinition; previous definition was 'enumerator'
C:\Users\getog\Desktop\GA2022\RealEngineGA2022\GAClass\include\cimgui\cimgui.h(255): message : see declaration of 'ImGuiInputTextFlags_CallbackCharFilter'
C:\Users\getog\Desktop\GA2022\RealEngineGA2022\GAClass\include\cimgui\imgui\imgui.h(1048,5): error C2086: 'ImGuiInputTextFlags_ ImGuiInputTextFlags_CallbackCharFilter': redefinition
C:\Users\getog\Desktop\GA2022\RealEngineGA2022\GAClass\include\cimgui\imgui\imgui.h(1048): message : see declaration of 'ImGuiInputTextFlags_CallbackCharFilter'
C:\Users\getog\Desktop\GA2022\RealEngineGA2022\GAClass\include\cimgui\imgui\imgui.h(1049,5): error C2365: 'ImGuiInputTextFlags_AllowTabInput': redefinition; previous definition was 'enumerator'
C:\Users\getog\Desktop\GA2022\RealEngineGA2022\GAClass\include\cimgui\cimgui.h(256): message : see declaration of 'ImGuiInputTextFlags_AllowTabInput'
C:\Users\getog\Desktop\GA2022\RealEngineGA2022\GAClass\include\cimgui\imgui\imgui.h(1049,5): error C2086: 'ImGuiInputTextFlags_ ImGuiInputTextFlags_AllowTabInput': redefinition
C:\Users\getog\Desktop\GA2022\RealEngineGA2022\GAClass\include\cimgui\imgui\imgui.h(1049): message : see declaration of 'ImGuiInputTextFlags_AllowTabInput'
C:\Users\getog\Desktop\GA2022\RealEngineGA2022\GAClass\include\cimgui\imgui\imgui.h(1050,5): error C2365: 'ImGuiInputTextFlags_CtrlEnterForNewLine': redefinition; previous definition was 'enumerator'
C:\Users\getog\Desktop\GA2022\RealEngineGA2022\GAClass\include\cimgui\cimgui.h(257): message : see declaration of 'ImGuiInputTextFlags_CtrlEnterForNewLine'
C:\Users\getog\Desktop\GA2022\RealEngineGA2022\GAClass\include\cimgui\imgui\imgui.h(1050,5): error C2086: 'ImGuiInputTextFlags_ ImGuiInputTextFlags_CtrlEnterForNewLine': redefinition
C:\Users\getog\Desktop\GA2022\RealEngineGA2022\GAClass\include\cimgui\imgui\imgui.h(1050): message : see declaration of 'ImGuiInputTextFlags_CtrlEnterForNewLine'
C:\Users\getog\Desktop\GA2022\RealEngineGA2022\GAClass\include\cimgui\imgui\imgui.h(1051,5): error C2365: 'ImGuiInputTextFlags_NoHorizontalScroll': redefinition; previous definition was 'enumerator'
C:\Users\getog\Desktop\GA2022\RealEngineGA2022\GAClass\include\cimgui\cimgui.h(258): message : see declaration of 'ImGuiInputTextFlags_NoHorizontalScroll'
C:\Users\getog\Desktop\GA2022\RealEngineGA2022\GAClass\include\cimgui\imgui\imgui.h(1051,5): error C2086: 'ImGuiInputTextFlags_ ImGuiInputTextFlags_NoHorizontalScroll': redefinition
C:\Users\getog\Desktop\GA2022\RealEngineGA2022\GAClass\include\cimgui\imgui\imgui.h(1051): message : see declaration of 'ImGuiInputTextFlags_NoHorizontalScroll'
C:\Users\getog\Desktop\GA2022\RealEngineGA2022\GAClass\include\cimgui\imgui\imgui.h(1052,5): error C2365: 'ImGuiInputTextFlags_AlwaysOverwrite': redefinition; previous definition was 'enumerator'
C:\Users\getog\Desktop\GA2022\RealEngineGA2022\GAClass\include\cimgui\cimgui.h(259): message : see declaration of 'ImGuiInputTextFlags_AlwaysOverwrite'
C:\Users\getog\Desktop\GA2022\RealEngineGA2022\GAClass\include\cimgui\imgui\imgui.h(1052,5): error C2086: 'ImGuiInputTextFlags_ ImGuiInputTextFlags_AlwaysOverwrite': redefinition
C:\Users\getog\Desktop\GA2022\RealEngineGA2022\GAClass\include\cimgui\imgui\imgui.h(1052): message : see declaration of 'ImGuiInputTextFlags_AlwaysOverwrite'
C:\Users\getog\Desktop\GA2022\RealEngineGA2022\GAClass\include\cimgui\imgui\imgui.h(1053,5): error C2365: 'ImGuiInputTextFlags_ReadOnly': redefinition; previous definition was 'enumerator'
C:\Users\getog\Desktop\GA2022\RealEngineGA2022\GAClass\include\cimgui\cimgui.h(260): message : see declaration of 'ImGuiInputTextFlags_ReadOnly'
C:\Users\getog\Desktop\GA2022\RealEngineGA2022\GAClass\include\cimgui\imgui\imgui.h(1053,5): error C2086: 'ImGuiInputTextFlags_ ImGuiInputTextFlags_ReadOnly': redefinition
C:\Users\getog\Desktop\GA2022\RealEngineGA2022\GAClass\include\cimgui\imgui\imgui.h(1053): message : see declaration of 'ImGuiInputTextFlags_ReadOnly'
C:\Users\getog\Desktop\GA2022\RealEngineGA2022\GAClass\include\cimgui\imgui\imgui.h(1054,5): error C2365: 'ImGuiInputTextFlags_Password': redefinition; previous definition was 'enumerator'
C:\Users\getog\Desktop\GA2022\RealEngineGA2022\GAClass\include\cimgui\cimgui.h(261): message : see declaration of 'ImGuiInputTextFlags_Password'
C:\Users\getog\Desktop\GA2022\RealEngineGA2022\GAClass\include\cimgui\imgui\imgui.h(1054,5): error C2086: 'ImGuiInputTextFlags_ ImGuiInputTextFlags_Password': redefinition
C:\Users\getog\Desktop\GA2022\RealEngineGA2022\GAClass\include\cimgui\imgui\imgui.h(1054): message : see declaration of 'ImGuiInputTextFlags_Password'
C:\Users\getog\Desktop\GA2022\RealEngineGA2022\GAClass\include\cimgui\imgui\imgui.h(1055,5): error C2365: 'ImGuiInputTextFlags_NoUndoRedo': redefinition; previous definition was 'enumerator'
C:\Users\getog\Desktop\GA2022\RealEngineGA2022\GAClass\include\cimgui\cimgui.h(262): message : see declaration of 'ImGuiInputTextFlags_NoUndoRedo'
C:\Users\getog\Desktop\GA2022\RealEngineGA2022\GAClass\include\cimgui\imgui\imgui.h(1055,5): error C2086: 'ImGuiInputTextFlags_ ImGuiInputTextFlags_NoUndoRedo': redefinition
C:\Users\getog\Desktop\GA2022\RealEngineGA2022\GAClass\include\cimgui\imgui\imgui.h(1055): message : see declaration of 'ImGuiInputTextFlags_NoUndoRedo'
C:\Users\getog\Desktop\GA2022\RealEngineGA2022\GAClass\include\cimgui\imgui\imgui.h(1056,5): error C2365: 'ImGuiInputTextFlags_CharsScientific': redefinition; previous definition was 'enumerator'
C:\Users\getog\Desktop\GA2022\RealEngineGA2022\GAClass\include\cimgui\cimgui.h(263): message : see declaration of 'ImGuiInputTextFlags_CharsScientific'
C:\Users\getog\Desktop\GA2022\RealEngineGA2022\GAClass\include\cimgui\imgui\imgui.h(1056,5): error C2086: 'ImGuiInputTextFlags_ ImGuiInputTextFlags_CharsScientific': redefinition
C:\Users\getog\Desktop\GA2022\RealEngineGA2022\GAClass\include\cimgui\imgui\imgui.h(1056): message : see declaration of 'ImGuiInputTextFlags_CharsScientific'
C:\Users\getog\Desktop\GA2022\RealEngineGA2022\GAClass\include\cimgui\imgui\imgui.h(1057,5): error C2365: 'ImGuiInputTextFlags_CallbackResize': redefinition; previous definition was 'enumerator'
C:\Users\getog\Desktop\GA2022\RealEngineGA2022\GAClass\include\cimgui\cimgui.h(264): message : see declaration of 'ImGuiInputTextFlags_CallbackResize'
C:\Users\getog\Desktop\GA2022\RealEngineGA2022\GAClass\include\cimgui\imgui\imgui.h(1057,5): error C2086: 'ImGuiInputTextFlags_ ImGuiInputTextFlags_CallbackResize': redefinition
C:\Users\getog\Desktop\GA2022\RealEngineGA2022\GAClass\include\cimgui\imgui\imgui.h(1057): message : see declaration of 'ImGuiInputTextFlags_CallbackResize'
C:\Users\getog\Desktop\GA2022\RealEngineGA2022\GAClass\include\cimgui\imgui\imgui.h(1058,5): error C2365: 'ImGuiInputTextFlags_CallbackEdit': redefinition; previous definition was 'enumerator'
C:\Users\getog\Desktop\GA2022\RealEngineGA2022\GAClass\include\cimgui\cimgui.h(265): message : see declaration of 'ImGuiInputTextFlags_CallbackEdit'
C:\Users\getog\Desktop\GA2022\RealEngineGA2022\GAClass\include\cimgui\imgui\imgui.h(1058,5): error C2086: 'ImGuiInputTextFlags_ ImGuiInputTextFlags_CallbackEdit': redefinition
C:\Users\getog\Desktop\GA2022\RealEngineGA2022\GAClass\include\cimgui\imgui\imgui.h(1058): message : see declaration of 'ImGuiInputTextFlags_CallbackEdit'
C:\Users\getog\Desktop\GA2022\RealEngineGA2022\GAClass\include\cimgui\imgui\imgui.h(1059,5): error C2365: 'ImGuiInputTextFlags_EscapeClearsAll': redefinition; previous definition was 'enumerator'
C:\Users\getog\Desktop\GA2022\RealEngineGA2022\GAClass\include\cimgui\cimgui.h(266): message : see declaration of 'ImGuiInputTextFlags_EscapeClearsAll'
C:\Users\getog\Desktop\GA2022\RealEngineGA2022\GAClass\include\cimgui\imgui\imgui.h(1059,5): error C2086: 'ImGuiInputTextFlags_ ImGuiInputTextFlags_EscapeClearsAll': redefinition
C:\Users\getog\Desktop\GA2022\RealEngineGA2022\GAClass\include\cimgui\imgui\imgui.h(1059): message : see declaration of 'ImGuiInputTextFlags_EscapeClearsAll'
C:\Users\getog\Desktop\GA2022\RealEngineGA2022\GAClass\include\cimgui\imgui\imgui.h(1070,5): error C2365: 'ImGuiTreeNodeFlags_None': redefinition; previous definition was 'enumerator'
C:\Users\getog\Desktop\GA2022\RealEngineGA2022\GAClass\include\cimgui\cimgui.h(269): message : see declaration of 'ImGuiTreeNodeFlags_None'
C:\Users\getog\Desktop\GA2022\RealEngineGA2022\GAClass\include\cimgui\imgui\imgui.h(1070,5): error C2086: 'ImGuiTreeNodeFlags_ ImGuiTreeNodeFlags_None': redefinition
C:\Users\getog\Desktop\GA2022\RealEngineGA2022\GAClass\include\cimgui\imgui\imgui.h(1070): message : see declaration of 'ImGuiTreeNodeFlags_None'
C:\Users\getog\Desktop\GA2022\RealEngineGA2022\GAClass\include\cimgui\imgui\imgui.h(1071,5): error C2365: 'ImGuiTreeNodeFlags_Selected': redefinition; previous definition was 'enumerator'
C:\Users\getog\Desktop\GA2022\RealEngineGA2022\GAClass\include\cimgui\cimgui.h(270): message : see declaration of 'ImGuiTreeNodeFlags_Selected'
C:\Users\getog\Desktop\GA2022\RealEngineGA2022\GAClass\include\cimgui\imgui\imgui.h(1071,5): error C2086: 'ImGuiTreeNodeFlags_ ImGuiTreeNodeFlags_Selected': redefinition
C:\Users\getog\Desktop\GA2022\RealEngineGA2022\GAClass\include\cimgui\imgui\imgui.h(1071): message : see declaration of 'ImGuiTreeNodeFlags_Selected'
C:\Users\getog\Desktop\GA2022\RealEngineGA2022\GAClass\include\cimgui\imgui\imgui.h(1072,5): error C2365: 'ImGuiTreeNodeFlags_Framed': redefinition; previous definition was 'enumerator'
C:\Users\getog\Desktop\GA2022\RealEngineGA2022\GAClass\include\cimgui\cimgui.h(271): message : see declaration of 'ImGuiTreeNodeFlags_Framed'
C:\Users\getog\Desktop\GA2022\RealEngineGA2022\GAClass\include\cimgui\imgui\imgui.h(1072,5): error C2086: 'ImGuiTreeNodeFlags_ ImGuiTreeNodeFlags_Framed': redefinition
C:\Users\getog\Desktop\GA2022\RealEngineGA2022\GAClass\include\cimgui\imgui\imgui.h(1072): message : see declaration of 'ImGuiTreeNodeFlags_Framed'
C:\Users\getog\Desktop\GA2022\RealEngineGA2022\GAClass\include\cimgui\imgui\imgui.h(1073,5): error C2365: 'ImGuiTreeNodeFlags_AllowItemOverlap': redefinition; previous definition was 'enumerator'
C:\Users\getog\Desktop\GA2022\RealEngineGA2022\GAClass\include\cimgui\cimgui.h(272): message : see declaration of 'ImGuiTreeNodeFlags_AllowItemOverlap'
C:\Users\getog\Desktop\GA2022\RealEngineGA2022\GAClass\include\cimgui\imgui\imgui.h(1073,5): error C2086: 'ImGuiTreeNodeFlags_ ImGuiTreeNodeFlags_AllowItemOverlap': redefinition
C:\Users\getog\Desktop\GA2022\RealEngineGA2022\GAClass\include\cimgui\imgui\imgui.h(1073): message : see declaration of 'ImGuiTreeNodeFlags_AllowItemOverlap'
C:\Users\getog\Desktop\GA2022\RealEngineGA2022\GAClass\include\cimgui\imgui\imgui.h(1074,5): error C2365: 'ImGuiTreeNodeFlags_NoTreePushOnOpen': redefinition; previous definition was 'enumerator'
C:\Users\getog\Desktop\GA2022\RealEngineGA2022\GAClass\include\cimgui\cimgui.h(273): message : see declaration of 'ImGuiTreeNodeFlags_NoTreePushOnOpen'
C:\Users\getog\Desktop\GA2022\RealEngineGA2022\GAClass\include\cimgui\imgui\imgui.h(1074,5): error C2086: 'ImGuiTreeNodeFlags_ ImGuiTreeNodeFlags_NoTreePushOnOpen': redefinition
C:\Users\getog\Desktop\GA2022\RealEngineGA2022\GAClass\include\cimgui\imgui\imgui.h(1074): message : see declaration of 'ImGuiTreeNodeFlags_NoTreePushOnOpen'
C:\Users\getog\Desktop\GA2022\RealEngineGA2022\GAClass\include\cimgui\imgui\imgui.h(1075,5): error C2365: 'ImGuiTreeNodeFlags_NoAutoOpenOnLog': redefinition; previous definition was 'enumerator'
C:\Users\getog\Desktop\GA2022\RealEngineGA2022\GAClass\include\cimgui\cimgui.h(274): message : see declaration of 'ImGuiTreeNodeFlags_NoAutoOpenOnLog'
C:\Users\getog\Desktop\GA2022\RealEngineGA2022\GAClass\include\cimgui\imgui\imgui.h(1075,5): error C2086: 'ImGuiTreeNodeFlags_ ImGuiTreeNodeFlags_NoAutoOpenOnLog': redefinition
C:\Users\getog\Desktop\GA2022\RealEngineGA2022\GAClass\include\cimgui\imgui\imgui.h(1075): message : see declaration of 'ImGuiTreeNodeFlags_NoAutoOpenOnLog'
C:\Users\getog\Desktop\GA2022\RealEngineGA2022\GAClass\include\cimgui\imgui\imgui.h(1076,5): error C2365: 'ImGuiTreeNodeFlags_DefaultOpen': redefinition; previous definition was 'enumerator'
C:\Users\getog\Desktop\GA2022\RealEngineGA2022\GAClass\include\cimgui\cimgui.h(275): message : see declaration of 'ImGuiTreeNodeFlags_DefaultOpen'
C:\Users\getog\Desktop\GA2022\RealEngineGA2022\GAClass\include\cimgui\imgui\imgui.h(1076,5): error C2086: 'ImGuiTreeNodeFlags_ ImGuiTreeNodeFlags_DefaultOpen': redefinition
C:\Users\getog\Desktop\GA2022\RealEngineGA2022\GAClass\include\cimgui\imgui\imgui.h(1076): message : see declaration of 'ImGuiTreeNodeFlags_DefaultOpen'
C:\Users\getog\Desktop\GA2022\RealEngineGA2022\GAClass\include\cimgui\imgui\imgui.h(1077,5): error C2365: 'ImGuiTreeNodeFlags_OpenOnDoubleClick': redefinition; previous definition was 'enumerator'
C:\Users\getog\Desktop\GA2022\RealEngineGA2022\GAClass\include\cimgui\cimgui.h(276): message : see declaration of 'ImGuiTreeNodeFlags_OpenOnDoubleClick'
C:\Users\getog\Desktop\GA2022\RealEngineGA2022\GAClass\include\cimgui\imgui\imgui.h(1077,5): error C2086: 'ImGuiTreeNodeFlags_ ImGuiTreeNodeFlags_OpenOnDoubleClick': redefinition
C:\Users\getog\Desktop\GA2022\RealEngineGA2022\GAClass\include\cimgui\imgui\imgui.h(1077): message : see declaration of 'ImGuiTreeNodeFlags_OpenOnDoubleClick'
C:\Users\getog\Desktop\GA2022\RealEngineGA2022\GAClass\include\cimgui\imgui\imgui.h(1078,5): error C2365: 'ImGuiTreeNodeFlags_OpenOnArrow': redefinition; previous definition was 'enumerator'
C:\Users\getog\Desktop\GA2022\RealEngineGA2022\GAClass\include\cimgui\cimgui.h(277): message : see declaration of 'ImGuiTreeNodeFlags_OpenOnArrow'
C:\Users\getog\Desktop\GA2022\RealEngineGA2022\GAClass\include\cimgui\imgui\imgui.h(1078,5): error C2086: 'ImGuiTreeNodeFlags_ ImGuiTreeNodeFlags_OpenOnArrow': redefinition
C:\Users\getog\Desktop\GA2022\RealEngineGA2022\GAClass\include\cimgui\imgui\imgui.h(1078): message : see declaration of 'ImGuiTreeNodeFlags_OpenOnArrow'
C:\Users\getog\Desktop\GA2022\RealEngineGA2022\GAClass\include\cimgui\imgui\imgui.h(1079,5): error C2365: 'ImGuiTreeNodeFlags_Leaf': redefinition; previous definition was 'enumerator'
C:\Users\getog\Desktop\GA2022\RealEngineGA2022\GAClass\include\cimgui\cimgui.h(278): message : see declaration of 'ImGuiTreeNodeFlags_Leaf'
C:\Users\getog\Desktop\GA2022\RealEngineGA2022\GAClass\include\cimgui\imgui\imgui.h(1079,5): error C2086: 'ImGuiTreeNodeFlags_ ImGuiTreeNodeFlags_Leaf': redefinition
C:\Users\getog\Desktop\GA2022\RealEngineGA2022\GAClass\include\cimgui\imgui\imgui.h(1079): message : see declaration of 'ImGuiTreeNodeFlags_Leaf'
C:\Users\getog\Desktop\GA2022\RealEngineGA2022\GAClass\include\cimgui\imgui\imgui.h(1080,5): error C2365: 'ImGuiTreeNodeFlags_Bullet': redefinition; previous definition was 'enumerator'
C:\Users\getog\Desktop\GA2022\RealEngineGA2022\GAClass\include\cimgui\cimgui.h(279): message : see declaration of 'ImGuiTreeNodeFlags_Bullet'
C:\Users\getog\Desktop\GA2022\RealEngineGA2022\GAClass\include\cimgui\imgui\imgui.h(1080,5): error C2086: 'ImGuiTreeNodeFlags_ ImGuiTreeNodeFlags_Bullet': redefinition
C:\Users\getog\Desktop\GA2022\RealEngineGA2022\GAClass\include\cimgui\imgui\imgui.h(1080): message : see declaration of 'ImGuiTreeNodeFlags_Bullet'
C:\Users\getog\Desktop\GA2022\RealEngineGA2022\GAClass\include\cimgui\imgui\imgui.h(1081,5): error C2365: 'ImGuiTreeNodeFlags_FramePadding': redefinition; previous definition was 'enumerator'
C:\Users\getog\Desktop\GA2022\RealEngineGA2022\GAClass\include\cimgui\cimgui.h(280): message : see declaration of 'ImGuiTreeNodeFlags_FramePadding'
C:\Users\getog\Desktop\GA2022\RealEngineGA2022\GAClass\include\cimgui\imgui\imgui.h(1081,5): error C2086: 'ImGuiTreeNodeFlags_ ImGuiTreeNodeFlags_FramePadding': redefinition
C:\Users\getog\Desktop\GA2022\RealEngineGA2022\GAClass\include\cimgui\imgui\imgui.h(1081): message : see declaration of 'ImGuiTreeNodeFlags_FramePadding'
C:\Users\getog\Desktop\GA2022\RealEngineGA2022\GAClass\include\cimgui\imgui\imgui.h(1082,5): error C2365: 'ImGuiTreeNodeFlags_SpanAvailWidth': redefinition; previous definition was 'enumerator'
C:\Users\getog\Desktop\GA2022\RealEngineGA2022\GAClass\include\cimgui\cimgui.h(281): message : see declaration of 'ImGuiTreeNodeFlags_SpanAvailWidth'
C:\Users\getog\Desktop\GA2022\RealEngineGA2022\GAClass\include\cimgui\imgui\imgui.h(1082,5): error C2086: 'ImGuiTreeNodeFlags_ ImGuiTreeNodeFlags_SpanAvailWidth': redefinition
C:\Users\getog\Desktop\GA2022\RealEngineGA2022\GAClass\include\cimgui\imgui\imgui.h(1082): message : see declaration of 'ImGuiTreeNodeFlags_SpanAvailWidth'
C:\Users\getog\Desktop\GA2022\RealEngineGA2022\GAClass\include\cimgui\imgui\imgui.h(1083,5): error C2365: 'ImGuiTreeNodeFlags_SpanFullWidth': redefinition; previous definition was 'enumerator'
C:\Users\getog\Desktop\GA2022\RealEngineGA2022\GAClass\include\cimgui\cimgui.h(282): message : see declaration of 'ImGuiTreeNodeFlags_SpanFullWidth'
C:\Users\getog\Desktop\GA2022\RealEngineGA2022\GAClass\include\cimgui\imgui\imgui.h(1083,5): error C2086: 'ImGuiTreeNodeFlags_ ImGuiTreeNodeFlags_SpanFullWidth': redefinition
C:\Users\getog\Desktop\GA2022\RealEngineGA2022\GAClass\include\cimgui\imgui\imgui.h(1083): message : see declaration of 'ImGuiTreeNodeFlags_SpanFullWidth'
C:\Users\getog\Desktop\GA2022\RealEngineGA2022\GAClass\include\cimgui\imgui\imgui.h(1084,5): error C2365: 'ImGuiTreeNodeFlags_NavLeftJumpsBackHere': redefinition; previous definition was 'enumerator'
C:\Users\getog\Desktop\GA2022\RealEngineGA2022\GAClass\include\cimgui\cimgui.h(283): message : see declaration of 'ImGuiTreeNodeFlags_NavLeftJumpsBackHere'
C:\Users\getog\Desktop\GA2022\RealEngineGA2022\GAClass\include\cimgui\imgui\imgui.h(1084,5): error C2086: 'ImGuiTreeNodeFlags_ ImGuiTreeNodeFlags_NavLeftJumpsBackHere': redefinition
C:\Users\getog\Desktop\GA2022\RealEngineGA2022\GAClass\include\cimgui\imgui\imgui.h(1084): message : see declaration of 'ImGuiTreeNodeFlags_NavLeftJumpsBackHere'
C:\Users\getog\Desktop\GA2022\RealEngineGA2022\GAClass\include\cimgui\imgui\imgui.h(1086,5): error C2365: 'ImGuiTreeNodeFlags_CollapsingHeader': redefinition; previous definition was 'enumerator'
C:\Users\getog\Desktop\GA2022\RealEngineGA2022\GAClass\include\cimgui\cimgui.h(284): message : see declaration of 'ImGuiTreeNodeFlags_CollapsingHeader'
C:\Users\getog\Desktop\GA2022\RealEngineGA2022\GAClass\include\cimgui\imgui\imgui.h(1086,5): error C2086: 'ImGuiTreeNodeFlags_ ImGuiTreeNodeFlags_CollapsingHeader': redefinition
C:\Users\getog\Desktop\GA2022\RealEngineGA2022\GAClass\include\cimgui\imgui\imgui.h(1086): message : see declaration of 'ImGuiTreeNodeFlags_CollapsingHeader'
C:\Users\getog\Desktop\GA2022\RealEngineGA2022\GAClass\include\cimgui\imgui\imgui.h(1099,5): error C2365: 'ImGuiPopupFlags_None': redefinition; previous definition was 'enumerator'
C:\Users\getog\Desktop\GA2022\RealEngineGA2022\GAClass\include\cimgui\cimgui.h(287): message : see declaration of 'ImGuiPopupFlags_None'
C:\Users\getog\Desktop\GA2022\RealEngineGA2022\GAClass\include\cimgui\imgui\imgui.h(1099,5): error C2086: 'ImGuiPopupFlags_ ImGuiPopupFlags_None': redefinition
C:\Users\getog\Desktop\GA2022\RealEngineGA2022\GAClass\include\cimgui\imgui\imgui.h(1099): message : see declaration of 'ImGuiPopupFlags_None'
C:\Users\getog\Desktop\GA2022\RealEngineGA2022\GAClass\include\cimgui\imgui\imgui.h(1100,5): error C2365: 'ImGuiPopupFlags_MouseButtonLeft': redefinition; previous definition was 'enumerator'
C:\Users\getog\Desktop\GA2022\RealEngineGA2022\GAClass\include\cimgui\cimgui.h(288): message : see declaration of 'ImGuiPopupFlags_MouseButtonLeft'
C:\Users\getog\Desktop\GA2022\RealEngineGA2022\GAClass\include\cimgui\imgui\imgui.h(1100,5): error C2086: 'ImGuiPopupFlags_ ImGuiPopupFlags_MouseButtonLeft': redefinition
C:\Users\getog\Desktop\GA2022\RealEngineGA2022\GAClass\include\cimgui\imgui\imgui.h(1100): message : see declaration of 'ImGuiPopupFlags_MouseButtonLeft'
C:\Users\getog\Desktop\GA2022\RealEngineGA2022\GAClass\include\cimgui\imgui\imgui.h(1101,5): error C2365: 'ImGuiPopupFlags_MouseButtonRight': redefinition; previous definition was 'enumerator'
C:\Users\getog\Desktop\GA2022\RealEngineGA2022\GAClass\include\cimgui\cimgui.h(289): message : see declaration of 'ImGuiPopupFlags_MouseButtonRight'
C:\Users\getog\Desktop\GA2022\RealEngineGA2022\GAClass\include\cimgui\imgui\imgui.h(1101,5): error C2086: 'ImGuiPopupFlags_ ImGuiPopupFlags_MouseButtonRight': redefinition
C:\Users\getog\Desktop\GA2022\RealEngineGA2022\GAClass\include\cimgui\imgui\imgui.h(1101): message : see declaration of 'ImGuiPopupFlags_MouseButtonRight'
C:\Users\getog\Desktop\GA2022\RealEngineGA2022\GAClass\include\cimgui\imgui\imgui.h(1102,5): error C2365: 'ImGuiPopupFlags_MouseButtonMiddle': redefinition; previous definition was 'enumerator'
C:\Users\getog\Desktop\GA2022\RealEngineGA2022\GAClass\include\cimgui\cimgui.h(290): message : see declaration of 'ImGuiPopupFlags_MouseButtonMiddle'
C:\Users\getog\Desktop\GA2022\RealEngineGA2022\GAClass\include\cimgui\imgui\imgui.h(1102,5): error C2086: 'ImGuiPopupFlags_ ImGuiPopupFlags_MouseButtonMiddle': redefinition
C:\Users\getog\Desktop\GA2022\RealEngineGA2022\GAClass\include\cimgui\imgui\imgui.h(1102): message : see declaration of 'ImGuiPopupFlags_MouseButtonMiddle'
C:\Users\getog\Desktop\GA2022\RealEngineGA2022\GAClass\include\cimgui\imgui\imgui.h(1103,5): error C2365: 'ImGuiPopupFlags_MouseButtonMask_': redefinition; previous definition was 'enumerator'
C:\Users\getog\Desktop\GA2022\RealEngineGA2022\GAClass\include\cimgui\cimgui.h(291): message : see declaration of 'ImGuiPopupFlags_MouseButtonMask_'
C:\Users\getog\Desktop\GA2022\RealEngineGA2022\GAClass\include\cimgui\imgui\imgui.h(1103,5): error C2086: 'ImGuiPopupFlags_ ImGuiPopupFlags_MouseButtonMask_': redefinition
C:\Users\getog\Desktop\GA2022\RealEngineGA2022\GAClass\include\cimgui\imgui\imgui.h(1103): message : see declaration of 'ImGuiPopupFlags_MouseButtonMask_'
C:\Users\getog\Desktop\GA2022\RealEngineGA2022\GAClass\include\cimgui\imgui\imgui.h(1104,5): error C2365: 'ImGuiPopupFlags_MouseButtonDefault_': redefinition; previous definition was 'enumerator'
C:\Users\getog\Desktop\GA2022\RealEngineGA2022\GAClass\include\cimgui\cimgui.h(292): message : see declaration of 'ImGuiPopupFlags_MouseButtonDefault_'
C:\Users\getog\Desktop\GA2022\RealEngineGA2022\GAClass\include\cimgui\imgui\imgui.h(1104,5): error C2086: 'ImGuiPopupFlags_ ImGuiPopupFlags_MouseButtonDefault_': redefinition
C:\Users\getog\Desktop\GA2022\RealEngineGA2022\GAClass\include\cimgui\imgui\imgui.h(1104): message : see declaration of 'ImGuiPopupFlags_MouseButtonDefault_'
C:\Users\getog\Desktop\GA2022\RealEngineGA2022\GAClass\include\cimgui\imgui\imgui.h(1105,5): error C2365: 'ImGuiPopupFlags_NoOpenOverExistingPopup': redefinition; previous definition was 'enumerator'
C:\Users\getog\Desktop\GA2022\RealEngineGA2022\GAClass\include\cimgui\cimgui.h(293): message : see declaration of 'ImGuiPopupFlags_NoOpenOverExistingPopup'
C:\Users\getog\Desktop\GA2022\RealEngineGA2022\GAClass\include\cimgui\imgui\imgui.h(1105,5): error C2086: 'ImGuiPopupFlags_ ImGuiPopupFlags_NoOpenOverExistingPopup': redefinition
C:\Users\getog\Desktop\GA2022\RealEngineGA2022\GAClass\include\cimgui\imgui\imgui.h(1105): message : see declaration of 'ImGuiPopupFlags_NoOpenOverExistingPopup'
C:\Users\getog\Desktop\GA2022\RealEngineGA2022\GAClass\include\cimgui\imgui\imgui.h(1106,5): error C2365: 'ImGuiPopupFlags_NoOpenOverItems': redefinition; previous definition was 'enumerator'
C:\Users\getog\Desktop\GA2022\RealEngineGA2022\GAClass\include\cimgui\cimgui.h(294): message : see declaration of 'ImGuiPopupFlags_NoOpenOverItems'
C:\Users\getog\Desktop\GA2022\RealEngineGA2022\GAClass\include\cimgui\imgui\imgui.h(1106,5): error C2086: 'ImGuiPopupFlags_ ImGuiPopupFlags_NoOpenOverItems': redefinition
C:\Users\getog\Desktop\GA2022\RealEngineGA2022\GAClass\include\cimgui\imgui\imgui.h(1106): message : see declaration of 'ImGuiPopupFlags_NoOpenOverItems'
C:\Users\getog\Desktop\GA2022\RealEngineGA2022\GAClass\include\cimgui\imgui\imgui.h(1107,5): error C2365: 'ImGuiPopupFlags_AnyPopupId': redefinition; previous definition was 'enumerator'
C:\Users\getog\Desktop\GA2022\RealEngineGA2022\GAClass\include\cimgui\cimgui.h(295): message : see declaration of 'ImGuiPopupFlags_AnyPopupId'
C:\Users\getog\Desktop\GA2022\RealEngineGA2022\GAClass\include\cimgui\imgui\imgui.h(1107,5): error C2086: 'ImGuiPopupFlags_ ImGuiPopupFlags_AnyPopupId': redefinition
C:\Users\getog\Desktop\GA2022\RealEngineGA2022\GAClass\include\cimgui\imgui\imgui.h(1107): message : see declaration of 'ImGuiPopupFlags_AnyPopupId'
C:\Users\getog\Desktop\GA2022\RealEngineGA2022\GAClass\include\cimgui\imgui\imgui.h(1107,53): fatal error C1003: error count exceeds 100; stopping compilation
  semaphore.c
C:\Program Files (x86)\Windows Kits\10\Include\10.0.19041.0\um\winbase.h(9531,5): warning C5105: macro expansion producing 'defined' has undefined behavior
  simple_game.c
C:\Program Files (x86)\Windows Kits\10\Include\10.0.19041.0\um\winbase.h(9531,5): warning C5105: macro expansion producing 'defined' has undefined behavior
  thread.c
C:\Program Files (x86)\Windows Kits\10\Include\10.0.19041.0\um\winbase.h(9531,5): warning C5105: macro expansion producing 'defined' has undefined behavior
  timeofday.c
C:\Program Files (x86)\Windows Kits\10\Include\10.0.19041.0\um\winbase.h(9531,5): warning C5105: macro expansion producing 'defined' has undefined behavior
  timer.c
C:\Program Files (x86)\Windows Kits\10\Include\10.0.19041.0\um\winbase.h(9531,5): warning C5105: macro expansion producing 'defined' has undefined behavior
  timer_object.c
  trace.c
C:\Program Files (x86)\Windows Kits\10\Include\10.0.19041.0\um\winbase.h(9531,5): warning C5105: macro expansion producing 'defined' has undefined behavior
C:\Users\getog\Desktop\GA2022\RealEngineGA2022\GAClass\trace.c(76,21): warning C4013: 'getpid' undefined; assuming extern returning int
C:\Users\getog\Desktop\GA2022\RealEngineGA2022\GAClass\trace.c(169,54): warning C4267: 'function': conversion from 'size_t' to 'DWORD', possible loss of data
C:\Users\getog\Desktop\GA2022\RealEngineGA2022\GAClass\trace.c(189,45): warning C4267: 'function': conversion from 'size_t' to 'DWORD', possible loss of data
C:\Users\getog\Desktop\GA2022\RealEngineGA2022\GAClass\trace.c(204,52): warning C4267: 'function': conversion from 'size_t' to 'DWORD', possible loss of data
  transform.c
  wm.c
C:\Program Files (x86)\Windows Kits\10\Include\10.0.19041.0\um\winbase.h(9531,5): warning C5105: macro expansion producing 'defined' has undefined behavior
C:\Users\getog\Desktop\GA2022\RealEngineGA2022\GAClass\wm.c(118,15): warning C4244: 'function': conversion from 'WPARAM' to 'BOOL', possible loss of data
  Generating Code...
