c:\users\getog\desktop\ga2022\realenginega2022\gaclass\x64\debug\vc143.pdb
c:\users\getog\desktop\ga2022\realenginega2022\gaclass\x64\debug\vc143.idb
c:\users\getog\desktop\ga2022\realenginega2022\gaclass\x64\debug\main.obj
c:\users\getog\desktop\ga2022\realenginega2022\gaclass\x64\debug\tlsf.obj
c:\users\getog\desktop\ga2022\realenginega2022\gaclass\x64\debug\xxhash.obj
c:\users\getog\desktop\ga2022\realenginega2022\gaclass\x64\debug\lz4hc.obj
c:\users\getog\desktop\ga2022\realenginega2022\gaclass\x64\debug\lz4frame.obj
c:\users\getog\desktop\ga2022\realenginega2022\gaclass\x64\debug\lz4file.obj
c:\users\getog\desktop\ga2022\realenginega2022\gaclass\x64\debug\lz4.obj
c:\users\getog\desktop\ga2022\realenginega2022\gaclass\x64\debug\imgui_impl_win32.obj
c:\users\getog\desktop\ga2022\realenginega2022\gaclass\x64\debug\imgui_impl_vulkan.obj
c:\users\getog\desktop\ga2022\realenginega2022\gaclass\x64\debug\hw3.obj
c:\users\getog\desktop\ga2022\realenginega2022\gaclass\x64\debug\hw2.obj
c:\users\getog\desktop\ga2022\realenginega2022\gaclass\x64\debug\hw1.obj
c:\users\getog\desktop\ga2022\realenginega2022\gaclass\x64\debug\heap.obj
c:\users\getog\desktop\ga2022\realenginega2022\gaclass\x64\debug\gpu.obj
c:\users\getog\desktop\ga2022\realenginega2022\gaclass\x64\debug\fs.obj
c:\users\getog\desktop\ga2022\realenginega2022\gaclass\x64\debug\frogger_game.obj
c:\users\getog\desktop\ga2022\realenginega2022\gaclass\x64\debug\event.obj
c:\users\getog\desktop\ga2022\realenginega2022\gaclass\x64\debug\ecs.obj
c:\users\getog\desktop\ga2022\realenginega2022\gaclass\x64\debug\debug.obj
c:\users\getog\desktop\ga2022\realenginega2022\gaclass\x64\debug\atomic.obj
c:\users\getog\desktop\ga2022\realenginega2022\gaclass\x64\debug\wm.obj
c:\users\getog\desktop\ga2022\realenginega2022\gaclass\x64\debug\transform.obj
c:\users\getog\desktop\ga2022\realenginega2022\gaclass\x64\debug\trace.obj
c:\users\getog\desktop\ga2022\realenginega2022\gaclass\x64\debug\timer_object.obj
c:\users\getog\desktop\ga2022\realenginega2022\gaclass\x64\debug\timer.obj
c:\users\getog\desktop\ga2022\realenginega2022\gaclass\x64\debug\timeofday.obj
c:\users\getog\desktop\ga2022\realenginega2022\gaclass\x64\debug\thread.obj
c:\users\getog\desktop\ga2022\realenginega2022\gaclass\x64\debug\simple_game.obj
c:\users\getog\desktop\ga2022\realenginega2022\gaclass\x64\debug\semaphore.obj
c:\users\getog\desktop\ga2022\realenginega2022\gaclass\x64\debug\scene.obj
c:\users\getog\desktop\ga2022\realenginega2022\gaclass\x64\debug\render.obj
c:\users\getog\desktop\ga2022\realenginega2022\gaclass\x64\debug\random.obj
c:\users\getog\desktop\ga2022\realenginega2022\gaclass\x64\debug\queue.obj
c:\users\getog\desktop\ga2022\realenginega2022\gaclass\x64\debug\quatf.obj
c:\users\getog\desktop\ga2022\realenginega2022\gaclass\x64\debug\mutex.obj
c:\users\getog\desktop\ga2022\realenginega2022\gaclass\x64\debug\mat4f.obj
c:\users\getog\desktop\ga2022\realenginega2022\gaclass\x64\debug\gaclass.tlog\cl.command.1.tlog
c:\users\getog\desktop\ga2022\realenginega2022\gaclass\x64\debug\gaclass.tlog\cl.read.1.tlog
c:\users\getog\desktop\ga2022\realenginega2022\gaclass\x64\debug\gaclass.tlog\cl.write.1.tlog
